<?xml version="1.0" encoding="UTF-8"?>
<!-- Generated by org.testng.reporters.JUnitReportReporter -->
<testsuite hostname="WKWIN1994525" name="TestGroup.Test.TestFile1" tests="1" failures="0" timestamp="8 Jul 2019 09:10:34 GMT" time="0.006" errors="0">
  <testcase name="TestA" time="0.006" classname="TestGroup.Test.TestFile1"/>
</testsuite> <!-- TestGroup.Test.TestFile1 -->
