<?xml version="1.0" encoding="UTF-8"?>
<!-- Generated by org.testng.reporters.JUnitReportReporter -->
<testsuite hostname="WKWIN1994525" name="TestGroup.Test.Test123" tests="1" failures="0" timestamp="21 Jun 2019 10:24:56 GMT" time="0.009" errors="0">
  <testcase name="Test1" time="0.009" classname="TestGroup.Test.Test123"/>
</testsuite> <!-- TestGroup.Test.Test123 -->
