<?xml version="1.0" encoding="UTF-8"?>
<!-- Generated by org.testng.reporters.JUnitReportReporter -->
<testsuite hostname="WKWIN1994525" name="TestGroup.Test.TestFile1" tests="5" failures="0" timestamp="6 Jul 2019 16:47:06 GMT" time="0.029" errors="0">
  <testcase name="TestA" time="0.017" classname="TestGroup.Test.TestFile1"/>
  <testcase name="TestD" time="0.002" classname="TestGroup.Test.TestFile1"/>
  <testcase name="TestE" time="0.002" classname="TestGroup.Test.TestFile1"/>
  <testcase name="TestC" time="0.002" classname="TestGroup.Test.TestFile1"/>
  <testcase name="TestB" time="0.006" classname="TestGroup.Test.TestFile1"/>
</testsuite> <!-- TestGroup.Test.TestFile1 -->
